<?xml version="1.0" encoding="UTF-8"?>
<coverage generated="1613701040996" clover="3.2.0">
  <project timestamp="1613701040996" name="All files">
    <metrics statements="27" coveredstatements="27" conditionals="4" coveredconditionals="3" methods="7" coveredmethods="7" elements="38" coveredelements="37" complexity="0" loc="27" ncloc="27" packages="1" files="2" classes="2"/>
    <file name="index.js" path="C:\Users\jorge\Documents\NodeJS\Practica\dist\index.js">
      <metrics statements="17" coveredstatements="17" conditionals="4" coveredconditionals="3" methods="3" coveredmethods="3"/>
      <line num="2" count="1" type="stmt"/>
      <line num="3" count="1" type="stmt"/>
      <line num="4" count="1" type="stmt"/>
      <line num="8" count="1" type="stmt"/>
      <line num="12" count="1" type="stmt"/>
      <line num="13" count="1" type="stmt"/>
      <line num="15" count="1" type="stmt"/>
      <line num="16" count="1" type="stmt"/>
      <line num="17" count="2" type="stmt"/>
      <line num="19" count="1" type="stmt"/>
      <line num="20" count="1" type="stmt"/>
      <line num="21" count="3" type="cond" truecount="2" falsecount="0"/>
      <line num="22" count="1" type="stmt"/>
      <line num="24" count="2" type="cond" truecount="1" falsecount="1"/>
      <line num="25" count="2" type="stmt"/>
      <line num="28" count="1" type="stmt"/>
      <line num="29" count="1" type="stmt"/>
    </file>
    <file name="promises.js" path="C:\Users\jorge\Documents\NodeJS\Practica\dist\promises.js">
      <metrics statements="10" coveredstatements="10" conditionals="0" coveredconditionals="0" methods="4" coveredmethods="4"/>
      <line num="2" count="1" type="stmt"/>
      <line num="3" count="1" type="stmt"/>
      <line num="4" count="1" type="stmt"/>
      <line num="6" count="1" type="stmt"/>
      <line num="9" count="1" type="stmt"/>
      <line num="12" count="1" type="stmt"/>
      <line num="15" count="1" type="stmt"/>
      <line num="16" count="2" type="stmt"/>
      <line num="18" count="1" type="stmt"/>
      <line num="19" count="1" type="stmt"/>
    </file>
  </project>
</coverage>
