TN:
SF:dist\index.js
FN:12,(anonymous_0)
FN:16,(anonymous_1)
FN:20,(anonymous_2)
FNF:3
FNH:3
FNDA:1,(anonymous_0)
FNDA:2,(anonymous_1)
FNDA:3,(anonymous_2)
DA:2,1
DA:3,1
DA:4,1
DA:8,1
DA:12,1
DA:13,1
DA:15,1
DA:16,1
DA:17,2
DA:19,1
DA:20,1
DA:21,3
DA:22,1
DA:24,2
DA:25,2
DA:28,1
DA:29,1
LF:17
LH:17
BRDA:21,0,0,1
BRDA:21,0,1,2
BRDA:24,1,0,2
BRDA:24,1,1,0
BRF:4
BRH:3
end_of_record
TN:
SF:dist\promises.js
FN:5,(anonymous_0)
FN:8,(anonymous_1)
FN:11,(anonymous_2)
FN:15,(anonymous_3)
FNF:4
FNH:4
FNDA:1,(anonymous_0)
FNDA:1,(anonymous_1)
FNDA:1,(anonymous_2)
FNDA:2,(anonymous_3)
DA:2,1
DA:3,1
DA:4,1
DA:6,1
DA:9,1
DA:12,1
DA:15,1
DA:16,2
DA:18,1
DA:19,1
LF:10
LH:10
BRF:0
BRH:0
end_of_record
